Success (5):
content 2396 _a-0000dc10-5e89-8000-daab-640000640000_2396 "TA Expression Rules"
content 2398 _a-0000dc10-5e89-8000-daab-640000640000_2397 "TA_testRule"
content 2401 _a-0000dc11-8bd5-8000-daab-640000640000_2401 "TA Constants"
content 2402 _a-0000dc11-8bd5-8000-daab-640000640000_2402 "BAA_TEST_CONSTANT"
application 2395 _a-0000dc10-5e89-8000-daab-640000640000_2395 "Test Application"

Trace:
2015-11-24 19:24:08.112 DEBUG application 2395 _a-0000dc10-5e89-8000-daab-640000640000_2395 Begin transport.
2015-11-24 19:24:08.112 DEBUG application 2395 _a-0000dc10-5e89-8000-daab-640000640000_2395 Retrieving object data.
2015-11-24 19:24:08.115 DEBUG application 2395 _a-0000dc10-5e89-8000-daab-640000640000_2395 App associated objects: GlobalIdMap[content=[_a-0000dc10-5e89-8000-daab-640000640000_2396, _a-0000dc10-5e89-8000-daab-640000640000_2397, _a-0000dc11-8bd5-8000-daab-640000640000_2401, _a-0000dc11-8bd5-8000-daab-640000640000_2402]]
2015-11-24 19:24:08.116 DEBUG application 2395 _a-0000dc10-5e89-8000-daab-640000640000_2395 Invalid associated objects: GlobalIdMap[]
2015-11-24 19:24:08.116 DEBUG application 2395 _a-0000dc10-5e89-8000-daab-640000640000_2395 Adding valid associated objects to be exported: GlobalBindingMap[content={_a-0000dc10-5e89-8000-daab-640000640000_2396=2396, _a-0000dc10-5e89-8000-daab-640000640000_2397=2398, _a-0000dc11-8bd5-8000-daab-640000640000_2401=2401, _a-0000dc11-8bd5-8000-daab-640000640000_2402=2402}]
2015-11-24 19:24:08.117 DEBUG application 2395 _a-0000dc10-5e89-8000-daab-640000640000_2395 Setting uuids of object references.
2015-11-24 19:24:08.117 DEBUG application 2395 _a-0000dc10-5e89-8000-daab-640000640000_2395 Processing reference: Application.forum
2015-11-24 19:24:08.118 DEBUG application 2395 _a-0000dc10-5e89-8000-daab-640000640000_2395 Processing reference: Application.parent
2015-11-24 19:24:08.12 DEBUG application 2395 _a-0000dc10-5e89-8000-daab-640000640000_2395 Processing reference: com.appiancorp.suiteapi.content.ContentRoleMap@732710a8[
  ContentRole[name=readers,inherit=false,allowForAll=false]
  ContentRole[name=authors,inherit=false,allowForAll=false]
  ContentRole[name=administrators,inherit=false,allowForAll=false]
  ContentRole[name=denyReaders,inherit=false,allowForAll=false]
  ContentRole[name=denyAuthors,inherit=false,allowForAll=false]
  ContentRole[name=denyAdministrators,inherit=false,allowForAll=false]
  securityVector=1:SEC_PUBLIC=true,SEC_CREATOR_ADMIN=false,SEC_INH_ADMIN=false,SEC_INH_EDITOR=false,SEC_INH_VIEWER=false,SEC_ALL_ADMIN=false,SEC_ALL_EDITOR=false,SEC_ALL_VIEWER=false
]
2015-11-24 19:24:08.12 DEBUG application 2395 _a-0000dc10-5e89-8000-daab-640000640000_2395 Processing reference: ContentRole[name=readers,inherit=false,allowForAll=false]
2015-11-24 19:24:08.12 DEBUG application 2395 _a-0000dc10-5e89-8000-daab-640000640000_2395 Processing reference: ContentRole[name=authors,inherit=false,allowForAll=false]
2015-11-24 19:24:08.12 DEBUG application 2395 _a-0000dc10-5e89-8000-daab-640000640000_2395 Processing reference: ContentRole[name=administrators,inherit=false,allowForAll=false]
2015-11-24 19:24:08.12 DEBUG application 2395 _a-0000dc10-5e89-8000-daab-640000640000_2395 Processing reference: ContentRole[name=denyReaders,inherit=false,allowForAll=false]
2015-11-24 19:24:08.12 DEBUG application 2395 _a-0000dc10-5e89-8000-daab-640000640000_2395 Processing reference: ContentRole[name=denyAuthors,inherit=false,allowForAll=false]
2015-11-24 19:24:08.12 DEBUG application 2395 _a-0000dc10-5e89-8000-daab-640000640000_2395 Processing reference: ContentRole[name=denyAdministrators,inherit=false,allowForAll=false]
2015-11-24 19:24:08.122 DEBUG content 2396 _a-0000dc10-5e89-8000-daab-640000640000_2396 Begin transport.
2015-11-24 19:24:08.122 DEBUG content 2396 _a-0000dc10-5e89-8000-daab-640000640000_2396 Retrieving object data.
2015-11-24 19:24:08.131 DEBUG content 2396 _a-0000dc10-5e89-8000-daab-640000640000_2396 Setting uuids of object references.
2015-11-24 19:24:08.132 DEBUG content 2396 _a-0000dc10-5e89-8000-daab-640000640000_2396 Processing reference: RulesFolder.forum
2015-11-24 19:24:08.132 DEBUG content 2396 _a-0000dc10-5e89-8000-daab-640000640000_2396 Processing reference: RulesFolder.parent
2015-11-24 19:24:08.134 DEBUG content 2396 _a-0000dc10-5e89-8000-daab-640000640000_2396 Processing reference: com.appiancorp.suiteapi.content.ContentRoleMap@b67c984[
  ContentRole[name=readers,inherit=true,allowForAll=false]
  ContentRole[name=authors,inherit=true,allowForAll=false]
  ContentRole[name=administrators,inherit=true,allowForAll=false]
  ContentRole[name=denyReaders,inherit=false,allowForAll=false]
  ContentRole[name=denyAuthors,inherit=false,allowForAll=false]
  ContentRole[name=denyAdministrators,inherit=false,allowForAll=false]
  securityVector=15:SEC_PUBLIC=true,SEC_CREATOR_ADMIN=false,SEC_INH_ADMIN=true,SEC_INH_EDITOR=true,SEC_INH_VIEWER=true,SEC_ALL_ADMIN=false,SEC_ALL_EDITOR=false,SEC_ALL_VIEWER=false
]
2015-11-24 19:24:08.134 DEBUG content 2396 _a-0000dc10-5e89-8000-daab-640000640000_2396 Processing reference: ContentRole[name=readers,inherit=true,allowForAll=false]
2015-11-24 19:24:08.134 DEBUG content 2396 _a-0000dc10-5e89-8000-daab-640000640000_2396 Processing reference: ContentRole[name=authors,inherit=true,allowForAll=false]
2015-11-24 19:24:08.134 DEBUG content 2396 _a-0000dc10-5e89-8000-daab-640000640000_2396 Processing reference: ContentRole[name=administrators,inherit=true,allowForAll=false]
2015-11-24 19:24:08.134 DEBUG content 2396 _a-0000dc10-5e89-8000-daab-640000640000_2396 Processing reference: ContentRole[name=denyReaders,inherit=false,allowForAll=false]
2015-11-24 19:24:08.134 DEBUG content 2396 _a-0000dc10-5e89-8000-daab-640000640000_2396 Processing reference: ContentRole[name=denyAuthors,inherit=false,allowForAll=false]
2015-11-24 19:24:08.134 DEBUG content 2396 _a-0000dc10-5e89-8000-daab-640000640000_2396 Processing reference: ContentRole[name=denyAdministrators,inherit=false,allowForAll=false]
2015-11-24 19:24:08.134 DEBUG content 2396 _a-0000dc10-5e89-8000-daab-640000640000_2396 Exporting binary resources.
2015-11-24 19:24:08.134 DEBUG content 2396 _a-0000dc10-5e89-8000-daab-640000640000_2396 Serializing object to XML.
2015-11-24 19:24:08.441 DEBUG content 2396 _a-0000dc10-5e89-8000-daab-640000640000_2396 Object transported.
2015-11-24 19:24:08.441 DEBUG content 2398 _a-0000dc10-5e89-8000-daab-640000640000_2397 Begin transport.
2015-11-24 19:24:08.441 DEBUG content 2398 _a-0000dc10-5e89-8000-daab-640000640000_2397 Retrieving object data.
2015-11-24 19:24:08.465 DEBUG content 2398 _a-0000dc10-5e89-8000-daab-640000640000_2397 Setting uuids of object references.
2015-11-24 19:24:08.465 DEBUG content 2398 _a-0000dc10-5e89-8000-daab-640000640000_2397 Processing reference: [Content:id=2397,versionId=-1,name=TA_testRule,description=,type=32,subtype=1,uuid=_a-0000dc10-5e89-8000-daab-640000640000_2397,parent=2396,parentName=TA Expression Rules,parentType=2,log=2398,logName=TA_testRule,state=255,visibility=35,security=15,creator=adriana.irvine,createdTimestamp=2015-11-23 22:00:45.0,updatedTimestamp=2015-11-23 22:00:45.0,size=0,lockedBy=,changesRequireApproval=false,attributes={dep_rules=[Ljava.lang.Long;@16a88738, system=0, preferredEditor=legacy, hidden=0, ruletype=1, dep_functions=[Ljava.lang.String;@5d32810a, definition=="Rule for testing", dep_types=[Ljava.lang.String;@447e2909, parameters=[Lcom.appiancorp.suiteapi.process.TypedVariable;@5bad4bbb, dep_variables=[[Ljava.lang.String;@96e86b1},partition=3,partitionName=C:/appian/11-23-15_711/_admin/accdocs3]
2015-11-24 19:24:08.476 DEBUG content 2398 _a-0000dc10-5e89-8000-daab-640000640000_2397 Processing reference: FreeformRule.forum
2015-11-24 19:24:08.476 DEBUG content 2398 _a-0000dc10-5e89-8000-daab-640000640000_2397 Processing reference: FreeformRule.parent
2015-11-24 19:24:08.478 DEBUG content 2398 _a-0000dc10-5e89-8000-daab-640000640000_2397 Processing reference: com.appiancorp.suiteapi.content.ContentRoleMap@58622dd8[
  ContentRole[name=readers,inherit=true,allowForAll=false]
  ContentRole[name=authors,inherit=true,allowForAll=false]
  ContentRole[name=administrators,inherit=true,allowForAll=false]
  ContentRole[name=denyReaders,inherit=false,allowForAll=false]
  ContentRole[name=denyAuthors,inherit=false,allowForAll=false]
  ContentRole[name=denyAdministrators,inherit=false,allowForAll=false]
  securityVector=15:SEC_PUBLIC=true,SEC_CREATOR_ADMIN=false,SEC_INH_ADMIN=true,SEC_INH_EDITOR=true,SEC_INH_VIEWER=true,SEC_ALL_ADMIN=false,SEC_ALL_EDITOR=false,SEC_ALL_VIEWER=false
]
2015-11-24 19:24:08.478 DEBUG content 2398 _a-0000dc10-5e89-8000-daab-640000640000_2397 Processing reference: ContentRole[name=readers,inherit=true,allowForAll=false]
2015-11-24 19:24:08.478 DEBUG content 2398 _a-0000dc10-5e89-8000-daab-640000640000_2397 Processing reference: ContentRole[name=authors,inherit=true,allowForAll=false]
2015-11-24 19:24:08.478 DEBUG content 2398 _a-0000dc10-5e89-8000-daab-640000640000_2397 Processing reference: ContentRole[name=administrators,inherit=true,allowForAll=false]
2015-11-24 19:24:08.479 DEBUG content 2398 _a-0000dc10-5e89-8000-daab-640000640000_2397 Processing reference: ContentRole[name=denyReaders,inherit=false,allowForAll=false]
2015-11-24 19:24:08.479 DEBUG content 2398 _a-0000dc10-5e89-8000-daab-640000640000_2397 Processing reference: ContentRole[name=denyAuthors,inherit=false,allowForAll=false]
2015-11-24 19:24:08.479 DEBUG content 2398 _a-0000dc10-5e89-8000-daab-640000640000_2397 Processing reference: ContentRole[name=denyAdministrators,inherit=false,allowForAll=false]
2015-11-24 19:24:08.479 DEBUG content 2398 _a-0000dc10-5e89-8000-daab-640000640000_2397 Exporting binary resources.
2015-11-24 19:24:08.479 DEBUG content 2398 _a-0000dc10-5e89-8000-daab-640000640000_2397 Serializing object to XML.
2015-11-24 19:24:08.481 DEBUG content 2398 _a-0000dc10-5e89-8000-daab-640000640000_2397 Object transported.
2015-11-24 19:24:08.481 DEBUG content 2401 _a-0000dc11-8bd5-8000-daab-640000640000_2401 Begin transport.
2015-11-24 19:24:08.481 DEBUG content 2401 _a-0000dc11-8bd5-8000-daab-640000640000_2401 Retrieving object data.
2015-11-24 19:24:08.492 DEBUG content 2401 _a-0000dc11-8bd5-8000-daab-640000640000_2401 Setting uuids of object references.
2015-11-24 19:24:08.493 DEBUG content 2401 _a-0000dc11-8bd5-8000-daab-640000640000_2401 Processing reference: RulesFolder.forum
2015-11-24 19:24:08.493 DEBUG content 2401 _a-0000dc11-8bd5-8000-daab-640000640000_2401 Processing reference: RulesFolder.parent
2015-11-24 19:24:08.495 DEBUG content 2401 _a-0000dc11-8bd5-8000-daab-640000640000_2401 Processing reference: com.appiancorp.suiteapi.content.ContentRoleMap@5bb42b80[
  ContentRole[name=readers,inherit=true,allowForAll=false]
  ContentRole[name=authors,inherit=true,allowForAll=false]
  ContentRole[name=administrators,inherit=true,allowForAll=false]
  ContentRole[name=denyReaders,inherit=false,allowForAll=false]
  ContentRole[name=denyAuthors,inherit=false,allowForAll=false]
  ContentRole[name=denyAdministrators,inherit=false,allowForAll=false]
  securityVector=15:SEC_PUBLIC=true,SEC_CREATOR_ADMIN=false,SEC_INH_ADMIN=true,SEC_INH_EDITOR=true,SEC_INH_VIEWER=true,SEC_ALL_ADMIN=false,SEC_ALL_EDITOR=false,SEC_ALL_VIEWER=false
]
2015-11-24 19:24:08.495 DEBUG content 2401 _a-0000dc11-8bd5-8000-daab-640000640000_2401 Processing reference: ContentRole[name=readers,inherit=true,allowForAll=false]
2015-11-24 19:24:08.495 DEBUG content 2401 _a-0000dc11-8bd5-8000-daab-640000640000_2401 Processing reference: ContentRole[name=authors,inherit=true,allowForAll=false]
2015-11-24 19:24:08.495 DEBUG content 2401 _a-0000dc11-8bd5-8000-daab-640000640000_2401 Processing reference: ContentRole[name=administrators,inherit=true,allowForAll=false]
2015-11-24 19:24:08.496 DEBUG content 2401 _a-0000dc11-8bd5-8000-daab-640000640000_2401 Processing reference: ContentRole[name=denyReaders,inherit=false,allowForAll=false]
2015-11-24 19:24:08.496 DEBUG content 2401 _a-0000dc11-8bd5-8000-daab-640000640000_2401 Processing reference: ContentRole[name=denyAuthors,inherit=false,allowForAll=false]
2015-11-24 19:24:08.496 DEBUG content 2401 _a-0000dc11-8bd5-8000-daab-640000640000_2401 Processing reference: ContentRole[name=denyAdministrators,inherit=false,allowForAll=false]
2015-11-24 19:24:08.496 DEBUG content 2401 _a-0000dc11-8bd5-8000-daab-640000640000_2401 Exporting binary resources.
2015-11-24 19:24:08.496 DEBUG content 2401 _a-0000dc11-8bd5-8000-daab-640000640000_2401 Serializing object to XML.
2015-11-24 19:24:08.497 DEBUG content 2401 _a-0000dc11-8bd5-8000-daab-640000640000_2401 Object transported.
2015-11-24 19:24:08.497 DEBUG content 2402 _a-0000dc11-8bd5-8000-daab-640000640000_2402 Begin transport.
2015-11-24 19:24:08.497 DEBUG content 2402 _a-0000dc11-8bd5-8000-daab-640000640000_2402 Retrieving object data.
2015-11-24 19:24:08.505 DEBUG content 2402 _a-0000dc11-8bd5-8000-daab-640000640000_2402 Setting uuids of object references.
2015-11-24 19:24:08.505 DEBUG content 2402 _a-0000dc11-8bd5-8000-daab-640000640000_2402 Processing reference: [Content:id=2402,versionId=-1,name=BAA_TEST_CONSTANT,description=,type=32,subtype=0,uuid=_a-0000dc11-8bd5-8000-daab-640000640000_2402,parent=2401,parentName=TA Constants,parentType=2,log=2402,logName=BAA_TEST_CONSTANT,state=255,visibility=35,security=15,creator=adriana.irvine,createdTimestamp=2015-11-24 19:23:20.0,updatedTimestamp=2015-11-24 19:23:20.0,size=0,lockedBy=,changesRequireApproval=false,attributes={system=0, hidden=0, ruletype=0, multiple=0, value=3, returnType=1},partition=1,partitionName=C:/appian/11-23-15_711/_admin/accdocs1]
2015-11-24 19:24:08.506 DEBUG content 2402 _a-0000dc11-8bd5-8000-daab-640000640000_2402 Processing reference: Constant.forum
2015-11-24 19:24:08.507 DEBUG content 2402 _a-0000dc11-8bd5-8000-daab-640000640000_2402 Processing reference: Constant.parent
2015-11-24 19:24:08.509 DEBUG content 2402 _a-0000dc11-8bd5-8000-daab-640000640000_2402 Processing reference: com.appiancorp.suiteapi.content.ContentRoleMap@ac9ef6a[
  ContentRole[name=readers,inherit=true,allowForAll=false]
  ContentRole[name=authors,inherit=true,allowForAll=false]
  ContentRole[name=administrators,inherit=true,allowForAll=false]
  ContentRole[name=denyReaders,inherit=false,allowForAll=false]
  ContentRole[name=denyAuthors,inherit=false,allowForAll=false]
  ContentRole[name=denyAdministrators,inherit=false,allowForAll=false]
  securityVector=15:SEC_PUBLIC=true,SEC_CREATOR_ADMIN=false,SEC_INH_ADMIN=true,SEC_INH_EDITOR=true,SEC_INH_VIEWER=true,SEC_ALL_ADMIN=false,SEC_ALL_EDITOR=false,SEC_ALL_VIEWER=false
]
2015-11-24 19:24:08.509 DEBUG content 2402 _a-0000dc11-8bd5-8000-daab-640000640000_2402 Processing reference: ContentRole[name=readers,inherit=true,allowForAll=false]
2015-11-24 19:24:08.509 DEBUG content 2402 _a-0000dc11-8bd5-8000-daab-640000640000_2402 Processing reference: ContentRole[name=authors,inherit=true,allowForAll=false]
2015-11-24 19:24:08.509 DEBUG content 2402 _a-0000dc11-8bd5-8000-daab-640000640000_2402 Processing reference: ContentRole[name=administrators,inherit=true,allowForAll=false]
2015-11-24 19:24:08.509 DEBUG content 2402 _a-0000dc11-8bd5-8000-daab-640000640000_2402 Processing reference: ContentRole[name=denyReaders,inherit=false,allowForAll=false]
2015-11-24 19:24:08.509 DEBUG content 2402 _a-0000dc11-8bd5-8000-daab-640000640000_2402 Processing reference: ContentRole[name=denyAuthors,inherit=false,allowForAll=false]
2015-11-24 19:24:08.509 DEBUG content 2402 _a-0000dc11-8bd5-8000-daab-640000640000_2402 Processing reference: ContentRole[name=denyAdministrators,inherit=false,allowForAll=false]
2015-11-24 19:24:08.509 DEBUG content 2402 _a-0000dc11-8bd5-8000-daab-640000640000_2402 Exporting binary resources.
2015-11-24 19:24:08.509 DEBUG content 2402 _a-0000dc11-8bd5-8000-daab-640000640000_2402 Serializing object to XML.
2015-11-24 19:24:08.538 DEBUG content 2402 _a-0000dc11-8bd5-8000-daab-640000640000_2402 Object transported.
2015-11-24 19:24:08.538 DEBUG application 2395 _a-0000dc10-5e89-8000-daab-640000640000_2395 Exporting binary resources.
2015-11-24 19:24:08.538 DEBUG application 2395 _a-0000dc10-5e89-8000-daab-640000640000_2395 Serializing object to XML.
2015-11-24 19:24:08.54 DEBUG application 2395 _a-0000dc10-5e89-8000-daab-640000640000_2395 Object transported.
